<?xml version="1.0" encoding="UTF-8"?>
<!-- Generated by org.testng.reporters.JUnitReportReporter -->
<testsuite skipped="0" hostname="NIT-LPT-R443" name="Academy.ValidateNavBar" tests="1" failures="0" timestamp="2021-10-01T22:27:09 IST" time="0.057" errors="0">
  <testcase name="validateAppNavBar" time="0.057" classname="Academy.ValidateNavBar"/>
  <system-out/>
</testsuite> <!-- Academy.ValidateNavBar -->
