<?xml version="1.0" encoding="UTF-8"?>
<!-- Generated by org.testng.reporters.JUnitReportReporter -->
<testsuite skipped="0" hostname="NIT-LPT-R443" name="Academy.HomePage" tests="2" failures="0" timestamp="2021-10-01T22:27:09 IST" time="6.612" errors="0">
  <testcase name="basePageNavigation" time="5.168" classname="Academy.HomePage"/>
  <system-out/>
  <testcase name="basePageNavigation" time="1.444" classname="Academy.HomePage"/>
  <system-out/>
</testsuite> <!-- Academy.HomePage -->
