<?xml version="1.0" encoding="UTF-8"?>
<!-- Generated by org.testng.reporters.JUnitReportReporter -->
<testsuite skipped="0" hostname="NIT-LPT-R443" name="Academy.ValidateTitle" tests="2" failures="0" timestamp="2021-10-01T22:27:09 IST" time="0.136" errors="0">
  <testcase name="validateHeader" time="0.050" classname="Academy.ValidateTitle"/>
  <system-out/>
  <testcase name="validateAppTitle" time="0.086" classname="Academy.ValidateTitle"/>
  <system-out/>
</testsuite> <!-- Academy.ValidateTitle -->
