<?xml version="1.0" encoding="UTF-8"?>
<!-- Generated by org.testng.reporters.JUnitReportReporter -->
<testsuite skipped="0" hostname="NIT-LPT-R443" name="Academy.ValidateTitle" tests="2" failures="0" timestamp="2021-09-30T22:43:08 IST" time="0.143" errors="0">
  <testcase name="validateAppTitle" time="0.094" classname="Academy.ValidateTitle"/>
  <system-out/>
  <testcase name="validateHeader" time="0.049" classname="Academy.ValidateTitle"/>
  <system-out/>
</testsuite> <!-- Academy.ValidateTitle -->
