<?xml version="1.0" encoding="UTF-8"?>
<!-- Generated by org.testng.reporters.JUnitReportReporter -->
<testsuite skipped="0" hostname="NIT-LPT-R443" name="Academy.ValidateNavBar" tests="1" failures="0" timestamp="2021-09-30T22:43:08 IST" time="0.088" errors="0">
  <testcase name="validateAppNavBar" time="0.088" classname="Academy.ValidateNavBar"/>
  <system-out/>
</testsuite> <!-- Academy.ValidateNavBar -->
