<?xml version="1.0" encoding="UTF-8"?>
<!-- Generated by org.testng.reporters.JUnitReportReporter -->
<testsuite skipped="0" hostname="NIT-LPT-R443" name="Academy.HomePage" tests="2" failures="0" timestamp="2021-09-30T22:43:08 IST" time="5.720" errors="0">
  <testcase name="basePageNavigation" time="3.812" classname="Academy.HomePage"/>
  <system-out/>
  <testcase name="basePageNavigation" time="1.908" classname="Academy.HomePage"/>
  <system-out/>
</testsuite> <!-- Academy.HomePage -->
